2024-02-16 15:08:52	[INFO]:	server control panel backend started
2024-02-16 15:09:03	[ERR]:	(docker-update-manager.go:415):	Failed to send request: Get "/stacks/91/file": unsupported protocol scheme ""
2024-02-16 15:09:03	[ERR]:	(docker-update-manager.go:355):	Failed to get stack file: Get "/stacks/91/file": unsupported protocol scheme ""
2024-02-16 15:09:03	[ERR]:	(docker-update-manager.go:254):	Failed to update stack: Get "/stacks/91/file": unsupported protocol scheme ""
2024-02-16 15:09:27	[ERR]:	(docker-update-manager.go:415):	Failed to send request: Get "/stacks/91/file": unsupported protocol scheme ""
2024-02-16 15:09:27	[ERR]:	(docker-update-manager.go:355):	Failed to get stack file: Get "/stacks/91/file": unsupported protocol scheme ""
2024-02-16 15:09:27	[ERR]:	(docker-update-manager.go:254):	Failed to update stack: Get "/stacks/91/file": unsupported protocol scheme ""
2024-02-16 15:09:30	[ERR]:	(docker-update-manager.go:415):	Failed to send request: Get "/stacks/91/file": unsupported protocol scheme ""
2024-02-16 15:09:30	[ERR]:	(docker-update-manager.go:355):	Failed to get stack file: Get "/stacks/91/file": unsupported protocol scheme ""
2024-02-16 15:09:30	[ERR]:	(docker-update-manager.go:254):	Failed to update stack: Get "/stacks/91/file": unsupported protocol scheme ""
2024-02-16 15:09:37	[INFO]:	server control panel backend started
2024-02-16 15:46:42	[INFO]:	server control panel backend started
2024-02-16 19:52:45	[INFO]:	server control panel backend started
2024-02-16 19:54:23	[ERR]:	(docker-update-manager.go:322):	Unable to get the status of this image: 2fefd26f985a4d782ef676e8eba5d12672cd382b178cc40b29170169e663af5c. Cannot get image digest from HEAD request: pinging container registry cr.hotio.dev: Get "https://cr.hotio.dev/v2/": dial tcp: lookup cr.hotio.dev on 127.0.0.11:53: no such host
2024-02-16 19:54:23	[WARN]:	Error fetching UpToDate status for container 2fefd26f985a4d782ef676e8eba5d12672cd382b178cc40b29170169e663af5c: Unable to get the status of this image: 2fefd26f985a4d782ef676e8eba5d12672cd382b178cc40b29170169e663af5c. Cannot get image digest from HEAD request: pinging container registry cr.hotio.dev: Get "https://cr.hotio.dev/v2/": dial tcp: lookup cr.hotio.dev on 127.0.0.11:53: no such host

2024-02-16 19:54:26	[ERR]:	(docker-update-manager.go:322):	Unable to get the status of this image: c9f4778a10d20ce941263180f3de011ae1a5eb97d45501695f4e07b520025ed1. Cannot get image digest from HEAD request: Requesting bearer token: invalid status code from registry 403 (Forbidden)
2024-02-16 19:54:26	[WARN]:	Error fetching UpToDate status for container c9f4778a10d20ce941263180f3de011ae1a5eb97d45501695f4e07b520025ed1: Unable to get the status of this image: c9f4778a10d20ce941263180f3de011ae1a5eb97d45501695f4e07b520025ed1. Cannot get image digest from HEAD request: Requesting bearer token: invalid status code from registry 403 (Forbidden)

2024-02-16 19:55:12	[INFO]:	server control panel backend started
2024-02-16 19:55:32	[ERR]:	(docker-update-manager.go:323):	Unable to get the status of this image: 2fefd26f985a4d782ef676e8eba5d12672cd382b178cc40b29170169e663af5c. Cannot get image digest from HEAD request: pinging container registry cr.hotio.dev: Get "https://cr.hotio.dev/v2/": dial tcp: lookup cr.hotio.dev on 127.0.0.11:53: no such host
2024-02-16 19:55:32	[WARN]:	Error fetching UpToDate status for container 2fefd26f985a4d782ef676e8eba5d12672cd382b178cc40b29170169e663af5c: Unable to get the status of this image: 2fefd26f985a4d782ef676e8eba5d12672cd382b178cc40b29170169e663af5c. Cannot get image digest from HEAD request: pinging container registry cr.hotio.dev: Get "https://cr.hotio.dev/v2/": dial tcp: lookup cr.hotio.dev on 127.0.0.11:53: no such host

2024-02-16 19:55:32	[ERR]:	(docker-update-manager.go:323):	Unable to get the status of this image: c9f4778a10d20ce941263180f3de011ae1a5eb97d45501695f4e07b520025ed1. Cannot get image digest from HEAD request: Requesting bearer token: invalid status code from registry 403 (Forbidden)
2024-02-16 19:55:32	[WARN]:	Error fetching UpToDate status for container c9f4778a10d20ce941263180f3de011ae1a5eb97d45501695f4e07b520025ed1: Unable to get the status of this image: c9f4778a10d20ce941263180f3de011ae1a5eb97d45501695f4e07b520025ed1. Cannot get image digest from HEAD request: Requesting bearer token: invalid status code from registry 403 (Forbidden)

2024-02-16 19:55:37	[DEBG]:	found cached status updated
2024-02-16 19:55:37	[DEBG]:	found cached status updated
2024-02-16 19:55:37	[DEBG]:	found cached status updated
2024-02-16 19:55:37	[DEBG]:	found cached status updated
2024-02-16 19:55:37	[DEBG]:	found cached status updated
2024-02-16 19:55:37	[DEBG]:	found cached status updated
2024-02-16 19:55:37	[DEBG]:	found cached status outdated
2024-02-16 19:55:37	[DEBG]:	found cached status outdated
2024-02-16 19:55:37	[DEBG]:	found cached status updated
2024-02-16 19:55:37	[DEBG]:	found cached status updated
2024-02-16 19:55:43	[DEBG]:	found cached status outdated
2024-02-16 19:55:37	[DEBG]:	found cached status updated
2024-02-16 19:55:37	[DEBG]:	found cached status outdated
2024-02-16 19:55:37	[DEBG]:	found cached status updated
2024-02-16 19:55:37	[DEBG]:	found cached status outdated
2024-02-16 19:55:43	[DEBG]:	found cached status updated
2024-02-16 19:55:37	[DEBG]:	found cached status updated
2024-02-16 19:55:37	[DEBG]:	found cached status updated
2024-02-16 19:55:43	[DEBG]:	found cached status outdated
2024-02-16 19:55:37	[DEBG]:	found cached status updated
2024-02-16 19:55:37	[DEBG]:	found cached status updated
2024-02-16 19:55:37	[DEBG]:	found cached status updated
2024-02-16 19:55:37	[DEBG]:	found cached status updated
2024-02-16 19:55:37	[DEBG]:	found cached status updated
2024-02-16 19:55:37	[DEBG]:	found cached status updated
2024-02-16 19:55:37	[DEBG]:	found cached status updated
2024-02-16 19:55:43	[DEBG]:	found cached status outdated
2024-02-16 19:55:37	[DEBG]:	found cached status updated
2024-02-16 19:55:37	[DEBG]:	found cached status outdated
2024-02-16 19:55:43	[DEBG]:	found cached status updated
2024-02-16 19:55:43	[DEBG]:	found cached status outdated
2024-02-16 19:55:43	[DEBG]:	found cached status updated
2024-02-16 19:55:43	[DEBG]:	found cached status updated
2024-02-16 19:55:43	[DEBG]:	found cached status updated
2024-02-16 19:55:37	[DEBG]:	found cached status outdated
2024-02-16 19:55:43	[DEBG]:	found cached status outdated
2024-02-16 19:55:37	[DEBG]:	found cached status outdated
2024-02-16 19:55:43	[DEBG]:	found cached status updated
2024-02-16 19:55:43	[DEBG]:	found cached status outdated
2024-02-16 19:55:43	[DEBG]:	found cached status outdated
2024-02-16 19:55:43	[DEBG]:	found cached status outdated
2024-02-16 19:55:43	[DEBG]:	found cached status updated
2024-02-16 19:55:37	[DEBG]:	found cached status outdated
2024-02-16 19:55:43	[DEBG]:	found cached status updated
2024-02-16 19:55:43	[DEBG]:	found cached status outdated
2024-02-16 19:55:43	[DEBG]:	found cached status outdated
2024-02-16 19:55:37	[DEBG]:	found cached status updated
2024-02-16 19:55:43	[DEBG]:	found cached status updated
2024-02-16 19:55:43	[DEBG]:	found cached status outdated
2024-02-16 19:55:43	[DEBG]:	found cached status outdated
2024-02-16 19:55:43	[DEBG]:	found cached status skipped
2024-02-16 19:55:43	[DEBG]:	found cached status outdated
2024-02-16 19:55:43	[DEBG]:	found cached status updated
2024-02-16 19:55:43	[DEBG]:	found cached status outdated
2024-02-16 19:55:43	[DEBG]:	found cached status updated
2024-02-16 19:55:43	[DEBG]:	found cached status outdated
2024-02-16 19:55:43	[DEBG]:	found cached status outdated
2024-02-16 19:55:37	[DEBG]:	found cached status updated
2024-02-16 19:55:37	[DEBG]:	found cached status outdated
2024-02-16 19:55:43	[DEBG]:	found cached status updated
2024-02-16 19:55:37	[DEBG]:	found cached status updated
2024-02-16 19:55:43	[DEBG]:	found cached status updated
2024-02-16 19:55:37	[DEBG]:	found cached status updated
2024-02-16 19:55:43	[DEBG]:	found cached status updated
2024-02-16 19:55:43	[DEBG]:	found cached status outdated
2024-02-16 19:55:43	[DEBG]:	found cached status outdated
2024-02-16 19:55:43	[DEBG]:	found cached status updated
2024-02-16 19:55:43	[DEBG]:	found cached status outdated
2024-02-16 19:55:37	[DEBG]:	found cached status outdated
2024-02-16 19:55:43	[DEBG]:	found cached status outdated
2024-02-16 19:55:37	[DEBG]:	found cached status updated
2024-02-16 19:55:43	[DEBG]:	found cached status outdated
2024-02-16 19:55:37	[DEBG]:	found cached status outdated
2024-02-16 19:55:37	[DEBG]:	found cached status updated
2024-02-16 19:55:43	[DEBG]:	found cached status updated
2024-02-16 19:55:43	[DEBG]:	found cached status updated
2024-02-16 19:55:37	[DEBG]:	found cached status outdated
2024-02-16 19:55:37	[DEBG]:	found cached status outdated
2024-02-16 19:55:43	[DEBG]:	found cached status updated
2024-02-16 19:55:43	[DEBG]:	found cached status updated
2024-02-16 19:55:43	[DEBG]:	found cached status updated
2024-02-16 19:55:43	[DEBG]:	found cached status updated
2024-02-16 19:55:43	[DEBG]:	found cached status updated
2024-02-16 19:55:43	[DEBG]:	found cached status updated
2024-02-16 19:55:37	[DEBG]:	found cached status outdated
2024-02-16 19:55:37	[DEBG]:	found cached status updated
2024-02-16 19:55:37	[DEBG]:	found cached status updated
2024-02-16 19:55:37	[DEBG]:	found cached status outdated
2024-02-16 19:55:37	[DEBG]:	found cached status updated
2024-02-16 19:55:43	[DEBG]:	found cached status updated
2024-02-16 19:55:43	[DEBG]:	found cached status outdated
2024-02-16 19:55:43	[DEBG]:	found cached status updated
2024-02-16 19:55:37	[DEBG]:	found cached status updated
2024-02-16 19:55:37	[DEBG]:	found cached status updated
2024-02-16 19:55:43	[DEBG]:	found cached status updated
2024-02-16 19:55:43	[ERR]:	(docker-update-manager.go:323):	Unable to get the status of this image: 2fefd26f985a4d782ef676e8eba5d12672cd382b178cc40b29170169e663af5c. Cannot get image digest from HEAD request: pinging container registry cr.hotio.dev: Get "https://cr.hotio.dev/v2/": dial tcp: lookup cr.hotio.dev on 127.0.0.11:53: no such host
2024-02-16 19:55:43	[WARN]:	Error fetching UpToDate status for container 2fefd26f985a4d782ef676e8eba5d12672cd382b178cc40b29170169e663af5c: Unable to get the status of this image: 2fefd26f985a4d782ef676e8eba5d12672cd382b178cc40b29170169e663af5c. Cannot get image digest from HEAD request: pinging container registry cr.hotio.dev: Get "https://cr.hotio.dev/v2/": dial tcp: lookup cr.hotio.dev on 127.0.0.11:53: no such host

2024-02-16 19:55:43	[ERR]:	(docker-update-manager.go:323):	Unable to get the status of this image: c9f4778a10d20ce941263180f3de011ae1a5eb97d45501695f4e07b520025ed1. Cannot get image digest from HEAD request: Requesting bearer token: invalid status code from registry 403 (Forbidden)
2024-02-16 19:55:43	[WARN]:	Error fetching UpToDate status for container c9f4778a10d20ce941263180f3de011ae1a5eb97d45501695f4e07b520025ed1: Unable to get the status of this image: c9f4778a10d20ce941263180f3de011ae1a5eb97d45501695f4e07b520025ed1. Cannot get image digest from HEAD request: Requesting bearer token: invalid status code from registry 403 (Forbidden)

2024-02-16 19:55:46	[DEBG]:	found cached status updated
2024-02-16 19:55:46	[DEBG]:	found cached status updated
2024-02-16 19:55:46	[DEBG]:	found cached status updated
2024-02-16 19:55:48	[DEBG]:	found cached status outdated
2024-02-16 19:55:48	[DEBG]:	found cached status outdated
2024-02-16 19:55:48	[DEBG]:	found cached status updated
2024-02-16 19:55:48	[DEBG]:	found cached status updated
2024-02-16 19:55:48	[DEBG]:	found cached status updated
2024-02-16 19:55:46	[DEBG]:	found cached status updated
2024-02-16 19:55:48	[DEBG]:	found cached status updated
2024-02-16 19:55:48	[DEBG]:	found cached status updated
2024-02-16 19:55:46	[DEBG]:	found cached status outdated
2024-02-16 19:55:48	[DEBG]:	found cached status outdated
2024-02-16 19:55:48	[DEBG]:	found cached status outdated
2024-02-16 19:55:46	[DEBG]:	found cached status updated
2024-02-16 19:55:46	[DEBG]:	found cached status updated
2024-02-16 19:55:48	[DEBG]:	found cached status outdated
2024-02-16 19:55:48	[DEBG]:	found cached status updated
2024-02-16 19:55:46	[DEBG]:	found cached status outdated
2024-02-16 19:55:46	[DEBG]:	found cached status updated
2024-02-16 19:55:46	[DEBG]:	found cached status updated
2024-02-16 19:55:48	[DEBG]:	found cached status outdated
2024-02-16 19:55:48	[DEBG]:	found cached status updated
2024-02-16 19:55:48	[DEBG]:	found cached status outdated
2024-02-16 19:55:46	[DEBG]:	found cached status updated
2024-02-16 19:55:48	[DEBG]:	found cached status outdated
2024-02-16 19:55:48	[DEBG]:	found cached status updated
2024-02-16 19:55:48	[DEBG]:	found cached status updated
2024-02-16 19:55:48	[DEBG]:	found cached status outdated
2024-02-16 19:55:46	[DEBG]:	found cached status updated
2024-02-16 19:55:48	[DEBG]:	found cached status updated
2024-02-16 19:55:46	[DEBG]:	found cached status outdated
2024-02-16 19:55:48	[DEBG]:	found cached status updated
2024-02-16 19:55:46	[DEBG]:	found cached status updated
2024-02-16 19:55:48	[DEBG]:	found cached status skipped
2024-02-16 19:55:48	[DEBG]:	found cached status updated
2024-02-16 19:55:48	[DEBG]:	found cached status outdated
2024-02-16 19:55:46	[DEBG]:	found cached status updated
2024-02-16 19:55:48	[DEBG]:	found cached status updated
2024-02-16 19:55:46	[DEBG]:	found cached status outdated
2024-02-16 19:55:48	[DEBG]:	found cached status outdated
2024-02-16 19:55:46	[DEBG]:	found cached status updated
2024-02-16 19:55:48	[DEBG]:	found cached status updated
2024-02-16 19:55:46	[DEBG]:	found cached status updated
2024-02-16 19:55:48	[DEBG]:	found cached status outdated
2024-02-16 19:55:48	[DEBG]:	found cached status updated
2024-02-16 19:55:48	[DEBG]:	found cached status outdated
2024-02-16 19:55:48	[DEBG]:	found cached status updated
2024-02-16 19:55:46	[DEBG]:	found cached status updated
2024-02-16 19:55:48	[DEBG]:	found cached status updated
2024-02-16 19:55:48	[DEBG]:	found cached status outdated
2024-02-16 19:55:48	[DEBG]:	found cached status outdated
2024-02-16 19:55:48	[DEBG]:	found cached status updated
2024-02-16 19:55:46	[DEBG]:	found cached status updated
2024-02-16 19:55:48	[DEBG]:	found cached status updated
2024-02-16 19:55:46	[DEBG]:	found cached status updated
2024-02-16 19:55:48	[DEBG]:	found cached status updated
2024-02-16 19:55:48	[DEBG]:	found cached status updated
2024-02-16 19:55:48	[DEBG]:	found cached status updated
2024-02-16 19:55:46	[DEBG]:	found cached status updated
2024-02-16 19:55:48	[DEBG]:	found cached status outdated
2024-02-16 19:55:46	[DEBG]:	found cached status updated
2024-02-16 19:55:48	[DEBG]:	found cached status updated
2024-02-16 19:55:48	[DEBG]:	found cached status outdated
2024-02-16 19:55:48	[DEBG]:	found cached status updated
2024-02-16 19:55:48	[DEBG]:	found cached status updated
2024-02-16 19:55:48	[DEBG]:	found cached status outdated
2024-02-16 19:55:46	[DEBG]:	found cached status outdated
2024-02-16 19:55:48	[DEBG]:	found cached status outdated
2024-02-16 19:55:48	[DEBG]:	found cached status updated
2024-02-16 19:55:48	[DEBG]:	found cached status updated
2024-02-16 19:55:48	[DEBG]:	found cached status outdated
2024-02-16 19:55:48	[DEBG]:	found cached status updated
2024-02-16 19:55:48	[DEBG]:	found cached status outdated
2024-02-16 19:55:48	[DEBG]:	found cached status outdated
2024-02-16 19:55:48	[DEBG]:	found cached status outdated
2024-02-16 19:55:48	[DEBG]:	found cached status updated
2024-02-16 19:55:48	[DEBG]:	found cached status updated
2024-02-16 19:55:48	[DEBG]:	found cached status outdated
2024-02-16 19:55:48	[DEBG]:	found cached status updated
2024-02-16 19:55:48	[DEBG]:	found cached status outdated
2024-02-16 19:55:48	[DEBG]:	found cached status updated
2024-02-16 19:55:46	[DEBG]:	found cached status outdated
2024-02-16 19:55:48	[DEBG]:	found cached status outdated
2024-02-16 19:55:46	[DEBG]:	found cached status outdated
2024-02-16 19:55:48	[DEBG]:	found cached status updated
2024-02-16 19:55:48	[DEBG]:	found cached status outdated
2024-02-16 19:55:48	[DEBG]:	found cached status updated
2024-02-16 19:55:48	[DEBG]:	found cached status updated
2024-02-16 19:55:48	[DEBG]:	found cached status outdated
2024-02-16 19:55:48	[DEBG]:	found cached status outdated
2024-02-16 19:55:46	[DEBG]:	found cached status updated
2024-02-16 19:55:48	[DEBG]:	found cached status updated
2024-02-16 19:55:48	[DEBG]:	found cached status outdated
2024-02-16 19:55:46	[DEBG]:	found cached status updated
2024-02-16 19:55:48	[ERR]:	(docker-update-manager.go:323):	Unable to get the status of this image: 2fefd26f985a4d782ef676e8eba5d12672cd382b178cc40b29170169e663af5c. Cannot get image digest from HEAD request: pinging container registry cr.hotio.dev: Get "https://cr.hotio.dev/v2/": dial tcp: lookup cr.hotio.dev on 127.0.0.11:53: no such host
2024-02-16 19:55:48	[WARN]:	Error fetching UpToDate status for container 2fefd26f985a4d782ef676e8eba5d12672cd382b178cc40b29170169e663af5c: Unable to get the status of this image: 2fefd26f985a4d782ef676e8eba5d12672cd382b178cc40b29170169e663af5c. Cannot get image digest from HEAD request: pinging container registry cr.hotio.dev: Get "https://cr.hotio.dev/v2/": dial tcp: lookup cr.hotio.dev on 127.0.0.11:53: no such host

2024-02-16 19:55:48	[ERR]:	(docker-update-manager.go:323):	Unable to get the status of this image: c9f4778a10d20ce941263180f3de011ae1a5eb97d45501695f4e07b520025ed1. Cannot get image digest from HEAD request: Requesting bearer token: invalid status code from registry 403 (Forbidden)
2024-02-16 19:55:48	[WARN]:	Error fetching UpToDate status for container c9f4778a10d20ce941263180f3de011ae1a5eb97d45501695f4e07b520025ed1: Unable to get the status of this image: c9f4778a10d20ce941263180f3de011ae1a5eb97d45501695f4e07b520025ed1. Cannot get image digest from HEAD request: Requesting bearer token: invalid status code from registry 403 (Forbidden)

2024-02-16 19:56:23	[DEBG]:	found cached status updated
2024-02-16 19:56:23	[DEBG]:	found cached status updated
2024-02-16 19:56:23	[DEBG]:	found cached status updated
2024-02-16 19:56:23	[DEBG]:	found cached status updated
2024-02-16 19:56:23	[DEBG]:	found cached status updated
2024-02-16 19:56:23	[DEBG]:	found cached status updated
2024-02-16 19:56:23	[DEBG]:	found cached status updated
2024-02-16 19:56:23	[DEBG]:	found cached status updated
2024-02-16 19:56:23	[DEBG]:	found cached status outdated
2024-02-16 19:56:23	[DEBG]:	found cached status updated
2024-02-16 19:56:23	[DEBG]:	found cached status updated
2024-02-16 19:56:23	[DEBG]:	found cached status updated
2024-02-16 19:56:23	[DEBG]:	found cached status updated
2024-02-16 19:56:23	[DEBG]:	found cached status outdated
2024-02-16 19:56:23	[DEBG]:	found cached status outdated
2024-02-16 19:56:23	[DEBG]:	found cached status outdated
2024-02-16 19:56:23	[DEBG]:	found cached status updated
2024-02-16 19:56:23	[DEBG]:	found cached status updated
2024-02-16 19:56:23	[DEBG]:	found cached status updated
2024-02-16 19:56:23	[DEBG]:	found cached status updated
2024-02-16 19:56:23	[DEBG]:	found cached status outdated
2024-02-16 19:56:23	[DEBG]:	found cached status outdated
2024-02-16 19:56:23	[DEBG]:	found cached status updated
2024-02-16 19:56:23	[DEBG]:	found cached status updated
2024-02-16 19:56:23	[DEBG]:	found cached status updated
2024-02-16 19:56:23	[DEBG]:	found cached status updated
2024-02-16 19:56:23	[DEBG]:	found cached status outdated
2024-02-16 19:56:23	[DEBG]:	found cached status outdated
2024-02-16 19:56:23	[DEBG]:	found cached status updated
2024-02-16 19:56:23	[DEBG]:	found cached status updated
2024-02-16 19:56:23	[DEBG]:	found cached status updated
2024-02-16 19:56:23	[DEBG]:	found cached status updated
2024-02-16 19:56:23	[DEBG]:	found cached status updated
2024-02-16 19:56:23	[DEBG]:	found cached status outdated
2024-02-16 19:56:23	[DEBG]:	found cached status updated
2024-02-16 19:56:23	[DEBG]:	found cached status updated
2024-02-16 19:56:23	[DEBG]:	found cached status outdated
2024-02-16 19:56:23	[DEBG]:	found cached status updated
2024-02-16 19:56:23	[DEBG]:	found cached status outdated
2024-02-16 19:56:23	[DEBG]:	found cached status skipped
2024-02-16 19:56:23	[DEBG]:	found cached status outdated
2024-02-16 19:56:23	[DEBG]:	found cached status outdated
2024-02-16 19:56:23	[DEBG]:	found cached status updated
2024-02-16 19:56:23	[DEBG]:	found cached status updated
2024-02-16 19:56:23	[DEBG]:	found cached status updated
2024-02-16 19:56:23	[DEBG]:	found cached status updated
2024-02-16 19:56:23	[DEBG]:	found cached status updated
2024-02-16 19:56:23	[DEBG]:	found cached status updated
2024-02-16 19:56:23	[DEBG]:	found cached status updated
2024-02-16 19:56:23	[DEBG]:	found cached status updated
2024-02-16 19:56:23	[DEBG]:	found cached status updated
2024-02-16 19:56:23	[DEBG]:	found cached status updated
2024-02-16 19:56:23	[DEBG]:	found cached status updated
2024-02-16 19:56:23	[DEBG]:	found cached status updated
2024-02-16 19:56:23	[DEBG]:	found cached status outdated
2024-02-16 19:56:23	[DEBG]:	found cached status updated
2024-02-16 19:56:23	[DEBG]:	found cached status updated
2024-02-16 19:56:23	[DEBG]:	found cached status updated
2024-02-16 19:56:23	[DEBG]:	found cached status updated
2024-02-16 19:56:23	[DEBG]:	found cached status outdated
2024-02-16 19:56:23	[DEBG]:	found cached status outdated
2024-02-16 19:56:23	[DEBG]:	found cached status updated
2024-02-16 19:56:23	[DEBG]:	found cached status outdated
2024-02-16 19:56:23	[DEBG]:	found cached status outdated
2024-02-16 19:56:23	[DEBG]:	found cached status outdated
2024-02-16 19:56:23	[DEBG]:	found cached status outdated
2024-02-16 19:56:23	[DEBG]:	found cached status updated
2024-02-16 19:56:23	[DEBG]:	found cached status outdated
2024-02-16 19:56:23	[DEBG]:	found cached status outdated
2024-02-16 19:56:23	[DEBG]:	found cached status updated
2024-02-16 19:56:23	[DEBG]:	found cached status updated
2024-02-16 19:56:23	[DEBG]:	found cached status updated
2024-02-16 19:56:23	[DEBG]:	found cached status outdated
2024-02-16 19:56:23	[DEBG]:	found cached status updated
2024-02-16 19:56:23	[DEBG]:	found cached status outdated
2024-02-16 19:56:23	[DEBG]:	found cached status updated
2024-02-16 19:56:23	[DEBG]:	found cached status outdated
2024-02-16 19:56:23	[DEBG]:	found cached status outdated
2024-02-16 19:56:23	[DEBG]:	found cached status outdated
2024-02-16 19:56:23	[DEBG]:	found cached status outdated
2024-02-16 19:56:23	[DEBG]:	found cached status outdated
2024-02-16 19:56:23	[DEBG]:	found cached status updated
2024-02-16 19:56:23	[DEBG]:	found cached status updated
2024-02-16 19:56:23	[DEBG]:	found cached status outdated
2024-02-16 19:56:23	[DEBG]:	found cached status outdated
2024-02-16 19:56:23	[DEBG]:	found cached status outdated
2024-02-16 19:56:23	[DEBG]:	found cached status outdated
2024-02-16 19:56:23	[DEBG]:	found cached status outdated
2024-02-16 19:56:23	[DEBG]:	found cached status updated
2024-02-16 19:56:23	[DEBG]:	found cached status outdated
2024-02-16 19:56:23	[DEBG]:	found cached status outdated
2024-02-16 19:56:23	[DEBG]:	found cached status updated
2024-02-16 19:56:23	[DEBG]:	found cached status outdated
2024-02-16 19:56:23	[DEBG]:	found cached status updated
2024-02-16 19:56:23	[DEBG]:	found cached status updated
2024-02-16 19:56:23	[ERR]:	(docker-update-manager.go:323):	Unable to get the status of this image: 2fefd26f985a4d782ef676e8eba5d12672cd382b178cc40b29170169e663af5c. Cannot get image digest from HEAD request: pinging container registry cr.hotio.dev: Get "https://cr.hotio.dev/v2/": dial tcp: lookup cr.hotio.dev on 127.0.0.11:53: no such host
2024-02-16 19:56:23	[WARN]:	Error fetching UpToDate status for container 2fefd26f985a4d782ef676e8eba5d12672cd382b178cc40b29170169e663af5c: Unable to get the status of this image: 2fefd26f985a4d782ef676e8eba5d12672cd382b178cc40b29170169e663af5c. Cannot get image digest from HEAD request: pinging container registry cr.hotio.dev: Get "https://cr.hotio.dev/v2/": dial tcp: lookup cr.hotio.dev on 127.0.0.11:53: no such host

2024-02-16 19:56:23	[ERR]:	(docker-update-manager.go:323):	Unable to get the status of this image: c9f4778a10d20ce941263180f3de011ae1a5eb97d45501695f4e07b520025ed1. Cannot get image digest from HEAD request: Requesting bearer token: invalid status code from registry 403 (Forbidden)
2024-02-16 19:56:23	[WARN]:	Error fetching UpToDate status for container c9f4778a10d20ce941263180f3de011ae1a5eb97d45501695f4e07b520025ed1: Unable to get the status of this image: c9f4778a10d20ce941263180f3de011ae1a5eb97d45501695f4e07b520025ed1. Cannot get image digest from HEAD request: Requesting bearer token: invalid status code from registry 403 (Forbidden)

2024-02-16 19:56:29	[INFO]:	server control panel backend started
2024-02-16 19:56:51	[ERR]:	(docker-update-manager.go:323):	Unable to get the status of this image: 2fefd26f985a4d782ef676e8eba5d12672cd382b178cc40b29170169e663af5c. Cannot get image digest from HEAD request: pinging container registry cr.hotio.dev: Get "https://cr.hotio.dev/v2/": dial tcp: lookup cr.hotio.dev on 127.0.0.11:53: read udp 127.0.0.1:51816->127.0.0.11:53: i/o timeout
2024-02-16 19:56:51	[ERR]:	(docker-update-manager.go:323):	Unable to get the status of this image: c9f4778a10d20ce941263180f3de011ae1a5eb97d45501695f4e07b520025ed1. Cannot get image digest from HEAD request: pinging container registry lscr.io: Get "https://lscr.io/v2/": dial tcp: lookup lscr.io on 127.0.0.11:53: read udp 127.0.0.1:38911->127.0.0.11:53: i/o timeout
2024-02-16 19:56:51	[WARN]:	Error fetching UpToDate status for container c9f4778a10d20ce941263180f3de011ae1a5eb97d45501695f4e07b520025ed1: Unable to get the status of this image: c9f4778a10d20ce941263180f3de011ae1a5eb97d45501695f4e07b520025ed1. Cannot get image digest from HEAD request: pinging container registry lscr.io: Get "https://lscr.io/v2/": dial tcp: lookup lscr.io on 127.0.0.11:53: read udp 127.0.0.1:38911->127.0.0.11:53: i/o timeout

2024-02-16 19:56:51	[WARN]:	Error fetching UpToDate status for container 2fefd26f985a4d782ef676e8eba5d12672cd382b178cc40b29170169e663af5c: Unable to get the status of this image: 2fefd26f985a4d782ef676e8eba5d12672cd382b178cc40b29170169e663af5c. Cannot get image digest from HEAD request: pinging container registry cr.hotio.dev: Get "https://cr.hotio.dev/v2/": dial tcp: lookup cr.hotio.dev on 127.0.0.11:53: read udp 127.0.0.1:51816->127.0.0.11:53: i/o timeout

2024-02-16 19:56:59	[DEBG]:	found cached status updated for container 3f95daeb23d36a222242b1abf0c9fb083a3db4ee2b82a0bfbc8a84bfb1be1b16
2024-02-16 19:56:59	[DEBG]:	found cached status updated for container 7ba69688f7f931965a59784979cf02c50620fd46b0191c35e3540aa9bdac22bb
2024-02-16 19:56:59	[DEBG]:	found cached status updated for container 9c930f83d5b4c5838e44c1751c5aa9bc39e7e85c487df80b01bb55e6d4f553d5
2024-02-16 19:56:59	[DEBG]:	found cached status updated for container 75b4321ff42d47c19d8b1a45c7b64e15480239f1dfedeeb8e53c71d36acf9f0c
2024-02-16 19:56:59	[DEBG]:	found cached status updated for container 28c9b1ea07065c64b76b0116326c463d17b73d4f8dcba011048d6cd74799d357
2024-02-16 19:56:59	[DEBG]:	found cached status outdated for container 7a5515de15bd18d4fec746ae390c3a35906ebb3bde27c2e9a61b5773acb01103
2024-02-16 19:56:59	[DEBG]:	found cached status outdated for container 9bbadc11140bca77534967b27133ea105634569ccd6cca70d379fa7eb31b4807
2024-02-16 19:56:59	[DEBG]:	found cached status outdated for container dab3d41eb4e7aa56fe174856088c2bfdd315639149474b7fd1aff526d1fadf61
2024-02-16 19:56:59	[DEBG]:	found cached status outdated for container d1f6bb3f8f10f9dda2540287e58efa548637b753c19326be329c37c1bdb088d4
2024-02-16 19:56:59	[DEBG]:	found cached status updated for container c2965c4e105f30aca36514ab6cdce4e28b0b0cbf5220f1f86682593dfa99c8c0
2024-02-16 19:56:59	[DEBG]:	found cached status outdated for container 3ba0a42ac6173c3d9888f5502bd8e24e11b9fdcb307dcecd368ed1d1c557ca18
2024-02-16 19:56:59	[DEBG]:	found cached status updated for container 1d0b495503a3ef5d571ef373f5753c99c9754e881fdffd85d85795c562cef144
2024-02-16 19:56:59	[DEBG]:	found cached status updated for container 1b0046137ed095915e62d23a888ddc2bb3f67b9679b8ff2b9492212619951fcf
2024-02-16 19:56:59	[DEBG]:	found cached status outdated for container fd077f96b6bce7ee11902faba2e7adb5ff3689fee76c9918f1d4b62931e7b033
2024-02-16 19:56:59	[DEBG]:	found cached status updated for container 2f4564fa7a790f68bf802e590cdbf7a2ecd9911b775eee1369c23f2f01c23c0c
2024-02-16 19:56:59	[DEBG]:	found cached status updated for container ab9878a0250c82bf6687db2099202ebda1563587ca1c47042ffcfd4a2bb6825c
2024-02-16 19:56:59	[DEBG]:	found cached status outdated for container c2742691df8438cceca5ea18c815399c98dddb5f6c740f578666092ef77b4554
2024-02-16 19:56:59	[DEBG]:	found cached status outdated for container f76dd8ea82d074a5f06556858d8a3a6409295a71762387f677410303600b3f5b
2024-02-16 19:56:59	[DEBG]:	found cached status outdated for container 2aa1b01bb68f7c25514bcd80a0070002892f3db896809579b5dc648f053b451f
2024-02-16 19:56:59	[DEBG]:	found cached status updated for container 38663a4891f5ad5600d51236a16e58b5658c1204a9f16ff0595efb3cbe0e848d
2024-02-16 19:56:59	[DEBG]:	found cached status outdated for container 2b685f26ea9b2514e4c911303fa43a6b2776ec55c8109a743bfb098fcae07f07
2024-02-16 19:56:59	[DEBG]:	found cached status outdated for container 1d6f987ac875a253ad8306e53af4c58bd8a8b22c85c0a54a220f2333412b58cd
2024-02-16 19:56:59	[DEBG]:	found cached status outdated for container c8529d7a51a9eb0efa6bc0da4c6d1b386e07c6409b497993f02bcfea1b7da40e
2024-02-16 19:56:59	[DEBG]:	found cached status outdated for container 34fee24c673425ef2c90a91ce334fdd8f46b395cdebcdc5c14d72d3c091636d1
2024-02-16 19:56:59	[DEBG]:	found cached status updated for container a7a21ff9a00a853a3a3fac3a6443531c26e860bad97c7576ed22539a33a57032
2024-02-16 19:56:59	[DEBG]:	found cached status outdated for container 63c100d4cdc91e536fc48eb48920d95a3e991dbf8bedf9bb56a6f09edae8b582
2024-02-16 19:56:59	[DEBG]:	found cached status updated for container 8c8cdcd601686f00f3d1ded0e8e137f9b604b8b4f9218024086715f58823aa3c
2024-02-16 19:56:59	[DEBG]:	found cached status updated for container 325f20087155ab268f1e5683eaa328576034c53a69acf5d28838be37804e3c97
2024-02-16 19:56:59	[DEBG]:	found cached status outdated for container d1c6d81e220128ba2461846ea9b5831206728454903ac1150693f1ad07fb26bd
2024-02-16 19:56:59	[DEBG]:	found cached status outdated for container 5dd03f4d79f655bf124380bb359b7cc00304298241cacb9e834b94a95a9ed986
2024-02-16 19:56:59	[DEBG]:	found cached status outdated for container 24fe4218c9fc787fb2dacf27b78b0f0eb99cbecd8ac7dd618540275a83b993b7
2024-02-16 19:56:59	[DEBG]:	found cached status updated for container bd300d2c5d484544b3178f567400770a989f170b0dcccaa6038f6004b3fdf077
2024-02-16 19:56:59	[DEBG]:	found cached status updated for container 9f55843a702f82b3b31af888dc2e2b5f9a93822102400c74ac4f2f4da345ebdf
2024-02-16 19:56:59	[DEBG]:	found cached status updated for container 0b46c15b72df3759ab7fb267d42b366c9015bd57b80ff7346059803bf2f72d0e
2024-02-16 19:56:59	[DEBG]:	found cached status updated for container 32e6dd0d7926805bf7de00e09d2a6febc58b84bbffcbfc6f0153debce63bb79e
2024-02-16 19:56:59	[DEBG]:	found cached status updated for container a5748528819954e294b43d537406c8daf6a1cbd6a237cdb329ecbaad7da83e36
2024-02-16 19:56:59	[DEBG]:	found cached status updated for container 4e0cb615b293a2d732424afa6383382d83909aee454152747ed7739acb2e6681
2024-02-16 19:56:59	[DEBG]:	found cached status updated for container 46980c203b644553641b2ecbc95bca3deaf48d06a30d3af27ea4e562b7543106
2024-02-16 19:56:59	[DEBG]:	found cached status updated for container 8371cf434d985dad59b1df922f505479e6d686b61fad3963c5be989f8c9e1752
2024-02-16 19:56:59	[DEBG]:	found cached status updated for container 60746fe2dbcfce0a24772ea11e772fe544bc25b1b01bfb99d2c21f8c474e6921
2024-02-16 19:56:59	[DEBG]:	found cached status updated for container 6d8f7132ecbbc04fe7d2cf2bf44c88c044118b35b79e9afcc0d47e9991f9ba9c
2024-02-16 19:56:59	[DEBG]:	found cached status updated for container c0874651a7681686eebb783b3d4870428fbf99ae1e165d11fa949cb6630bc302
2024-02-16 19:56:59	[DEBG]:	found cached status outdated for container 3b9cf7e08a26db9c4b69db1c9d1968f633b9e7c1a009b2c5ca458254a6eb8005
2024-02-16 19:56:59	[DEBG]:	found cached status outdated for container d654f2b5092daf660321710b868dbee60da136cbdd200f309e8b94f7e9912044
2024-02-16 19:56:59	[DEBG]:	found cached status updated for container 2688a46ad93cdc5ae6ca42924932a0b4620713a80de99d3bac4cc172372129ae
2024-02-16 19:56:59	[DEBG]:	found cached status updated for container 0be1ec7eb1503a5867080cc25f45b78ec06dd983b2e5021c19163960609794e0
2024-02-16 19:56:59	[DEBG]:	found cached status outdated for container f65f9bb008b5b526d1db1aa173229f13cf6958ac3bafb13866562b6e6c7f35c1
2024-02-16 19:56:59	[DEBG]:	found cached status outdated for container 46cf59b6efa002ba4bcefe0e3c63e7a3a21944a66c0eb4716f9951f97c1eac4f
2024-02-16 19:56:59	[DEBG]:	found cached status updated for container f542412c99ac415fb47c1f5ef4f4fb2932e0439d09c55c1f14a5e5b4a6d2e084
2024-02-16 19:56:59	[DEBG]:	found cached status outdated for container bdef704784f2a636d0384e73e8598ee8f30e4a41aa60f4e850d54321e0631a7a
2024-02-16 19:56:59	[DEBG]:	found cached status outdated for container ae5717231922e88a4dbda12482751e1f86756ffb871f130024da52e7d950f61d
2024-02-16 19:56:59	[DEBG]:	found cached status updated for container 5029c3c2af0f4d6d6393968bf65ed6b22e02a3f2bae2ba66b47f64b6bf02525c
2024-02-16 19:56:59	[DEBG]:	found cached status updated for container e87a24c4e0db2760f9ba2f025efa6e48ceda3a05375f698fdd33b1db497bd205
2024-02-16 19:56:59	[DEBG]:	found cached status updated for container b68ac0c28e0a88d987dff3055fcfc2b7b7283b947c0a9f79db1bb4072982a5be
2024-02-16 19:56:59	[DEBG]:	found cached status outdated for container 09b2ee5189aebf5bca13ddb6372d1257a58fe86cb2893d865cdbe7cf2f86f8c3
2024-02-16 19:56:59	[DEBG]:	found cached status updated for container 218ad5466793d8657e710f9eb43f9e729844839357ff9380a5413b8d8afd7710
2024-02-16 19:56:59	[DEBG]:	found cached status updated for container 2af60976c49de9e6b36609ddaa2ab184953a3b2a9783df9a4f03dcee70bdf580
2024-02-16 19:56:59	[DEBG]:	found cached status updated for container f754011d03f5c7addcb368625831a5ac30d5a190ff87a90844abe2bdb2fbda2f
2024-02-16 19:56:59	[DEBG]:	found cached status outdated for container 790e2d977838df319a196c843e0c5553cea1218e77cafaeb66936040267dfa3f
2024-02-16 19:56:59	[DEBG]:	found cached status updated for container 2c01343c87b9ebb1caca1fb9c824b9d9321517c67af55a0c5c42478ace7633ab
2024-02-16 19:56:59	[DEBG]:	found cached status updated for container a67f7637dcafdcab420548145c82c33cb0494c1cf7449aed87103744dc7d88c5
2024-02-16 19:56:59	[DEBG]:	found cached status skipped for container dfd98a5f85f5e0020e2ddcfc9d22d414abe3af2e21edefa1e7f3241ff567597f
2024-02-16 19:56:59	[DEBG]:	found cached status outdated for container 2bbf1ec9b471347695ea96924fabae7ea18cafcab339f8e48beaacc0cffa42b1
2024-02-16 19:56:59	[DEBG]:	found cached status outdated for container bf9fae1751dba2139267d44de67d12255ad092f4237b6b98bdce26ba1603f6ad
2024-02-16 19:56:59	[DEBG]:	found cached status updated for container 3dab956bd3d1fcb65190074ae6259d1ee6eab99d9f0964e8e49b65165e614a80
2024-02-16 19:56:59	[DEBG]:	found cached status updated for container 492ead1cb7179adf9cec5ffb0a43b0f8773262c5ae95b4e6ad5781d9448bab3c
2024-02-16 19:56:59	[DEBG]:	found cached status updated for container 62db8d2413578563eb4f7aa25630bb9ae0633be4be5c177a785a242426ce916d
2024-02-16 19:56:59	[DEBG]:	found cached status outdated for container e5f35da5cbc2389f4f3504a51324732574d04a344eb4c1159eb9c529ec4ce72e
2024-02-16 19:56:59	[DEBG]:	found cached status updated for container fbf7082cfd3d86362901dcb1e2489db5dc52fed7d4d863035b6a6257707d237d
2024-02-16 19:56:59	[DEBG]:	found cached status updated for container c3549512c0d2306977c41f5fad1d5b73efd0e307dc1a8ec0e0ac5a10ed22af1f
2024-02-16 19:56:59	[DEBG]:	found cached status updated for container 7c03925ddc45cf5ef408a7c9362f91cefcd09e0c73339a6d6c19b8b5f1114034
2024-02-16 19:56:59	[DEBG]:	found cached status outdated for container 034de89fa0e2a9978b1ee1c35d91fe08b651bb7fbaeae8326c9884dcd9aae8b1
2024-02-16 19:56:59	[DEBG]:	found cached status updated for container 44c44776064469f8c8c5c3cbfc15b3b22c46e200a58b2d4561267ed27f88a565
2024-02-16 19:56:59	[DEBG]:	found cached status updated for container 154e125599a8cfae73b23b18df8e7128998eeb40c36de8a54c91eceb76c2bfa5
2024-02-16 19:56:59	[DEBG]:	found cached status outdated for container 77e053018a44babed6d68dafe8261da526bee397fd0a8f51513b0cf2793a1f0e
2024-02-16 19:56:59	[DEBG]:	found cached status outdated for container 2040b77026aa9f8c6879c34cdc62af8ce3be2dc49b7b8ba144d9fa1e8d5014d7
2024-02-16 19:56:59	[DEBG]:	found cached status updated for container e60329b9df28f1540eb2cee06adf4513f4f7aeda76868308cf4d0af1c2609a53
2024-02-16 19:56:59	[DEBG]:	found cached status updated for container 89bb9b9c51c02a6f86fcce07bbbfc8defb72c6e54f2c06e5ce8912fed6b9e603
2024-02-16 19:56:59	[DEBG]:	found cached status updated for container a5d14ce8720aa047ba5e831f6a336372470d469fe4195d3a09f8ddca878b71ba
2024-02-16 19:56:59	[DEBG]:	found cached status outdated for container 76be749617e8a39e90d78a173a0b00cb9957f1b9ba719a3f0cb0241b09ac4976
2024-02-16 19:56:59	[DEBG]:	found cached status updated for container 953cc2cbd0bfae227e6208b017ea328fde670b7851ff88bbd73b0a91b6a03d54
2024-02-16 19:56:59	[DEBG]:	found cached status updated for container 346bf1538107ee585e320143bcfd23e6cd5f5c844a4169cb6d974de5352b755a
2024-02-16 19:56:59	[DEBG]:	found cached status outdated for container 91e3c6de214092fb7adf6a41d23969478d2c3cfe13ea1f9656c71f96a57f542e
2024-02-16 19:56:59	[DEBG]:	found cached status updated for container 4dc89f0f1e7b7807b011ee6a7588bea2d4688dc2dd83b187860374eb32b86be8
2024-02-16 19:56:59	[DEBG]:	found cached status updated for container 2a0e95a27d37f7d6d65e22b01407afc8ce6b5aa51cc99f0e61d7376a193b68c8
2024-02-16 19:56:59	[DEBG]:	found cached status outdated for container 211c7ae1338209b3165ae4f65a09c665813970777d4fd3b61a667e35e762a999
2024-02-16 19:56:59	[DEBG]:	found cached status updated for container f2ef12b5e6670695f2584c8107beecaee3ce2184ee09b5b19d91b017a34f0b9a
2024-02-16 19:56:59	[DEBG]:	found cached status outdated for container bd4e7f677665f8e742600ca456f42161d1b6c6d336a634051cd774ebe559d2e3
2024-02-16 19:56:59	[DEBG]:	found cached status updated for container 7b96ee11cb0fcc3813aa9bb8c9f7c2743c4014ceb0a11eca8880b65aa9b577b7
2024-02-16 19:56:59	[DEBG]:	found cached status outdated for container ff2db72523d05c90071babd3c65b033a90f7eecce24386c930f2ee37297372c7
2024-02-16 19:56:59	[DEBG]:	found cached status updated for container 836dc0db746f1d292d34d2bb0f4ca41a073bf78e38db17321b29c89518c663db
2024-02-16 19:56:59	[DEBG]:	found cached status outdated for container 45ad43db96242c61c80c5fab740317c70d95ce7487dcfbcf14b4e174df2974f3
2024-02-16 19:56:59	[DEBG]:	found cached status updated for container 74a427900efadb64fb098c9d1766ff30be584f1badb50d27cdb8b008e144c592
2024-02-16 19:56:59	[DEBG]:	found cached status updated for container 3e813cdbc0eeb7913ddf0b8c1198b1c3e367273805c122f64b0438d95fd9102f
2024-02-16 19:56:59	[DEBG]:	found cached status updated for container 689016fd465666dd6e7495e0ead03f59ccc68dabf2112cf6f4697e3d4dc95706
2024-02-16 19:57:09	[ERR]:	(docker-update-manager.go:323):	Unable to get the status of this image: 2fefd26f985a4d782ef676e8eba5d12672cd382b178cc40b29170169e663af5c. Cannot get image digest from HEAD request: pinging container registry cr.hotio.dev: Get "https://cr.hotio.dev/v2/": dial tcp: lookup cr.hotio.dev on 127.0.0.11:53: no such host
2024-02-16 19:57:09	[WARN]:	Error fetching UpToDate status for container 2fefd26f985a4d782ef676e8eba5d12672cd382b178cc40b29170169e663af5c: Unable to get the status of this image: 2fefd26f985a4d782ef676e8eba5d12672cd382b178cc40b29170169e663af5c. Cannot get image digest from HEAD request: pinging container registry cr.hotio.dev: Get "https://cr.hotio.dev/v2/": dial tcp: lookup cr.hotio.dev on 127.0.0.11:53: no such host

